<?xml version="1.0" encoding="UTF-8"?>
<testng-results ignored="0" total="1" passed="1" failed="0" skipped="0">
  <reporter-output>
  </reporter-output>
  <suite started-at="2020-12-08T22:58:59 IST" name="gitDemo" finished-at="2020-12-08T22:58:59 IST" duration-ms="77">
    <groups>
    </groups>
    <test started-at="2020-12-08T22:58:59 IST" name="gitDemo" finished-at="2020-12-08T22:58:59 IST" duration-ms="77">
      <class name="com.seleniumLearning.gitSetup">
        <test-method signature="gitSetupMethod()[pri:0, instance:com.seleniumLearning.gitSetup@5aebe890]" started-at="2020-12-08T22:58:59 IST" name="gitSetupMethod" finished-at="2020-12-08T22:58:59 IST" duration-ms="10" status="PASS">
          <reporter-output>
          </reporter-output>
        </test-method> <!-- gitSetupMethod -->
      </class> <!-- com.seleniumLearning.gitSetup -->
    </test> <!-- gitDemo -->
  </suite> <!-- gitDemo -->
</testng-results>
